This file contains any messages produced by compilers while
running configure, to aid debugging if configure makes a mistake.

It was created by SCEd configure 0.1.5, which was
generated by GNU Autoconf 2.69.  Invocation command line was

  $ ./configure --no-create --no-recursion

## --------- ##
## Platform. ##
## --------- ##

hostname = localhost.localdomain
uname -m = x86_64
uname -r = 4.18.0-80.el8.x86_64
uname -s = Linux
uname -v = #1 SMP Tue Jun 4 09:19:46 UTC 2019

/usr/bin/uname -p = x86_64
/bin/uname -X     = unknown

/bin/arch              = x86_64
/usr/bin/arch -k       = unknown
/usr/convex/getsysinfo = unknown
/usr/bin/hostinfo      = unknown
/bin/machine           = unknown
/usr/bin/oslevel       = unknown
/bin/universe          = unknown

PATH: /usr/local/texlive/2019/bin/x86_64-linux/
PATH: /home/roberto/.local/bin
PATH: /home/roberto/bin
PATH: /home/roberto/go/bin
PATH: /usr/local/bin
PATH: /usr/bin
PATH: /usr/local/sbin
PATH: /usr/sbin


## ----------- ##
## Core tests. ##
## ----------- ##

configure:2339: checking for a BSD-compatible install
configure:2407: result: /usr/bin/install -c
configure:2418: checking whether build environment is sane
configure:2468: result: yes
configure:2609: checking for a thread-safe mkdir -p
configure:2648: result: /usr/bin/mkdir -p
configure:2661: checking for gawk
configure:2677: found /usr/bin/gawk
configure:2688: result: gawk
configure:2699: checking whether make sets $(MAKE)
configure:2721: result: yes
configure:2809: checking build system type
configure:2823: result: x86_64-unknown-linux-gnu
configure:2843: checking host system type
configure:2856: result: x86_64-unknown-linux-gnu
configure:2927: checking whether to enable debugging
configure:2944: result: no
configure:3006: checking for gcc
configure:3022: found /usr/bin/gcc
configure:3033: result: gcc
configure:3262: checking for C compiler version
configure:3271: gcc --version >&5
gcc (GCC) 8.2.1 20180905 (Red Hat 8.2.1-3)
Copyright (C) 2018 Free Software Foundation, Inc.
This is free software; see the source for copying conditions.  There is NO
warranty; not even for MERCHANTABILITY or FITNESS FOR A PARTICULAR PURPOSE.

configure:3282: $? = 0
configure:3271: gcc -v >&5
Using built-in specs.
COLLECT_GCC=gcc
COLLECT_LTO_WRAPPER=/usr/libexec/gcc/x86_64-redhat-linux/8/lto-wrapper
OFFLOAD_TARGET_NAMES=nvptx-none
OFFLOAD_TARGET_DEFAULT=1
Target: x86_64-redhat-linux
Configured with: ../configure --enable-bootstrap --enable-languages=c,c++,fortran,lto --prefix=/usr --mandir=/usr/share/man --infodir=/usr/share/info --with-bugurl=http://bugzilla.redhat.com/bugzilla --enable-shared --enable-threads=posix --enable-checking=release --enable-multilib --with-system-zlib --enable-__cxa_atexit --disable-libunwind-exceptions --enable-gnu-unique-object --enable-linker-build-id --with-gcc-major-version-only --with-linker-hash-style=gnu --enable-plugin --enable-initfini-array --with-isl --disable-libmpx --enable-offload-targets=nvptx-none --without-cuda-driver --enable-gnu-indirect-function --enable-cet --with-tune=generic --with-arch_32=x86-64 --build=x86_64-redhat-linux
Thread model: posix
gcc version 8.2.1 20180905 (Red Hat 8.2.1-3) (GCC) 
configure:3282: $? = 0
configure:3271: gcc -V >&5
gcc: error: unrecognized command line option '-V'
gcc: fatal error: no input files
compilation terminated.
configure:3282: $? = 1
configure:3271: gcc -qversion >&5
gcc: error: unrecognized command line option '-qversion'; did you mean '--version'?
gcc: fatal error: no input files
compilation terminated.
configure:3282: $? = 1
configure:3302: checking whether the C compiler works
configure:3324: gcc  -O3   conftest.c  >&5
configure:3328: $? = 0
configure:3376: result: yes
configure:3379: checking for C compiler default output file name
configure:3381: result: a.out
configure:3387: checking for suffix of executables
configure:3394: gcc -o conftest  -O3   conftest.c  >&5
configure:3398: $? = 0
configure:3420: result: 
configure:3442: checking whether we are cross compiling
configure:3450: gcc -o conftest  -O3   conftest.c  >&5
configure:3454: $? = 0
configure:3461: ./conftest
configure:3465: $? = 0
configure:3480: result: no
configure:3485: checking for suffix of object files
configure:3507: gcc -c  -O3  conftest.c >&5
configure:3511: $? = 0
configure:3532: result: o
configure:3536: checking whether we are using the GNU C compiler
configure:3555: gcc -c  -O3  conftest.c >&5
configure:3555: $? = 0
configure:3564: result: yes
configure:3573: checking whether gcc accepts -g
configure:3593: gcc -c -g  conftest.c >&5
configure:3593: $? = 0
configure:3634: result: yes
configure:3651: checking for gcc option to accept ISO C89
configure:3714: gcc  -c  -O3  conftest.c >&5
configure:3714: $? = 0
configure:3727: result: none needed
configure:3758: checking for style of include used by make
configure:3786: result: GNU
configure:3812: checking dependency style of gcc
configure:3923: result: gcc3
configure:3943: checking how to run the C preprocessor
configure:3974: gcc -E  conftest.c
configure:3974: $? = 0
configure:3988: gcc -E  conftest.c
conftest.c:13:10: fatal error: ac_nonexistent.h: No such file or directory
 #include <ac_nonexistent.h>
          ^~~~~~~~~~~~~~~~~~
compilation terminated.
configure:3988: $? = 1
configure: failed program was:
| /* confdefs.h */
| #define PACKAGE_NAME "SCEd"
| #define PACKAGE_TARNAME "sced"
| #define PACKAGE_VERSION "0.1.5"
| #define PACKAGE_STRING "SCEd 0.1.5"
| #define PACKAGE_BUGREPORT ""
| #define PACKAGE_URL ""
| #define PACKAGE "sced"
| #define VERSION "0.1.5"
| #define LINUX 1
| #define SYSTEM_HOST Linux
| /* end confdefs.h.  */
| #include <ac_nonexistent.h>
configure:4013: result: gcc -E
configure:4033: gcc -E  conftest.c
configure:4033: $? = 0
configure:4047: gcc -E  conftest.c
conftest.c:13:10: fatal error: ac_nonexistent.h: No such file or directory
 #include <ac_nonexistent.h>
          ^~~~~~~~~~~~~~~~~~
compilation terminated.
configure:4047: $? = 1
configure: failed program was:
| /* confdefs.h */
| #define PACKAGE_NAME "SCEd"
| #define PACKAGE_TARNAME "sced"
| #define PACKAGE_VERSION "0.1.5"
| #define PACKAGE_STRING "SCEd 0.1.5"
| #define PACKAGE_BUGREPORT ""
| #define PACKAGE_URL ""
| #define PACKAGE "sced"
| #define VERSION "0.1.5"
| #define LINUX 1
| #define SYSTEM_HOST Linux
| /* end confdefs.h.  */
| #include <ac_nonexistent.h>
configure:4133: checking for g++
configure:4149: found /usr/bin/g++
configure:4160: result: g++
configure:4187: checking for C++ compiler version
configure:4196: g++ --version >&5
g++ (GCC) 8.2.1 20180905 (Red Hat 8.2.1-3)
Copyright (C) 2018 Free Software Foundation, Inc.
This is free software; see the source for copying conditions.  There is NO
warranty; not even for MERCHANTABILITY or FITNESS FOR A PARTICULAR PURPOSE.

configure:4207: $? = 0
configure:4196: g++ -v >&5
Using built-in specs.
COLLECT_GCC=g++
COLLECT_LTO_WRAPPER=/usr/libexec/gcc/x86_64-redhat-linux/8/lto-wrapper
OFFLOAD_TARGET_NAMES=nvptx-none
OFFLOAD_TARGET_DEFAULT=1
Target: x86_64-redhat-linux
Configured with: ../configure --enable-bootstrap --enable-languages=c,c++,fortran,lto --prefix=/usr --mandir=/usr/share/man --infodir=/usr/share/info --with-bugurl=http://bugzilla.redhat.com/bugzilla --enable-shared --enable-threads=posix --enable-checking=release --enable-multilib --with-system-zlib --enable-__cxa_atexit --disable-libunwind-exceptions --enable-gnu-unique-object --enable-linker-build-id --with-gcc-major-version-only --with-linker-hash-style=gnu --enable-plugin --enable-initfini-array --with-isl --disable-libmpx --enable-offload-targets=nvptx-none --without-cuda-driver --enable-gnu-indirect-function --enable-cet --with-tune=generic --with-arch_32=x86-64 --build=x86_64-redhat-linux
Thread model: posix
gcc version 8.2.1 20180905 (Red Hat 8.2.1-3) (GCC) 
configure:4207: $? = 0
configure:4196: g++ -V >&5
g++: error: unrecognized command line option '-V'
g++: fatal error: no input files
compilation terminated.
configure:4207: $? = 1
configure:4196: g++ -qversion >&5
g++: error: unrecognized command line option '-qversion'; did you mean '--version'?
g++: fatal error: no input files
compilation terminated.
configure:4207: $? = 1
configure:4211: checking whether we are using the GNU C++ compiler
configure:4230: g++ -c   conftest.cpp >&5
configure:4230: $? = 0
configure:4239: result: yes
configure:4248: checking whether g++ accepts -g
configure:4268: g++ -c -g  conftest.cpp >&5
configure:4268: $? = 0
configure:4309: result: yes
configure:4334: checking dependency style of g++
configure:4445: result: gcc3
configure:4504: checking for ranlib
configure:4520: found /usr/bin/ranlib
configure:4531: result: ranlib
configure:4554: checking whether gcc and cc understand -c and -o together
configure:4585: gcc -c conftest.c -o conftest2.o >&5
configure:4589: $? = 0
configure:4595: gcc -c conftest.c -o conftest2.o >&5
configure:4599: $? = 0
configure:4610: cc -c conftest.c >&5
configure:4614: $? = 0
configure:4622: cc -c conftest.c -o conftest2.o >&5
configure:4626: $? = 0
configure:4632: cc -c conftest.c -o conftest2.o >&5
configure:4636: $? = 0
configure:4654: result: yes
configure:4681: checking for xmlto
configure:4712: result: no
configure:4732: checking for gethostbyname
configure:4732: g++ -o conftest -g -O2   conftest.cpp  >&5
configure:4732: $? = 0
configure:4732: result: yes
configure:4783: checking for connect
configure:4783: g++ -o conftest -g -O2   conftest.cpp  >&5
configure:4783: $? = 0
configure:4783: result: yes
configure:4834: checking for inet_aton
configure:4834: g++ -o conftest -g -O2   conftest.cpp  >&5
configure:4834: $? = 0
configure:4834: result: yes
configure:4885: checking for kstat_open in -lkstat
configure:4910: g++ -o conftest -g -O2   conftest.cpp -lkstat   >&5
/usr/bin/ld: cannot find -lkstat
collect2: error: ld returned 1 exit status
configure:4910: $? = 1
configure: failed program was:
| /* confdefs.h */
| #define PACKAGE_NAME "SCEd"
| #define PACKAGE_TARNAME "sced"
| #define PACKAGE_VERSION "0.1.5"
| #define PACKAGE_STRING "SCEd 0.1.5"
| #define PACKAGE_BUGREPORT ""
| #define PACKAGE_URL ""
| #define PACKAGE "sced"
| #define VERSION "0.1.5"
| #define LINUX 1
| #define SYSTEM_HOST Linux
| /* end confdefs.h.  */
| 
| /* Override any GCC internal prototype to avoid an error.
|    Use char because int might match the return type of a GCC
|    builtin and then its argument prototype would still apply.  */
| #ifdef __cplusplus
| extern "C"
| #endif
| char kstat_open ();
| int
| main ()
| {
| return kstat_open ();
|   ;
|   return 0;
| }
configure:4919: result: no
configure:4930: checking for nanosleep in -lposix4
configure:4955: g++ -o conftest -g -O2   conftest.cpp -lposix4   >&5
/usr/bin/ld: cannot find -lposix4
collect2: error: ld returned 1 exit status
configure:4955: $? = 1
configure: failed program was:
| /* confdefs.h */
| #define PACKAGE_NAME "SCEd"
| #define PACKAGE_TARNAME "sced"
| #define PACKAGE_VERSION "0.1.5"
| #define PACKAGE_STRING "SCEd 0.1.5"
| #define PACKAGE_BUGREPORT ""
| #define PACKAGE_URL ""
| #define PACKAGE "sced"
| #define VERSION "0.1.5"
| #define LINUX 1
| #define SYSTEM_HOST Linux
| /* end confdefs.h.  */
| 
| /* Override any GCC internal prototype to avoid an error.
|    Use char because int might match the return type of a GCC
|    builtin and then its argument prototype would still apply.  */
| #ifdef __cplusplus
| extern "C"
| #endif
| char nanosleep ();
| int
| main ()
| {
| return nanosleep ();
|   ;
|   return 0;
| }
configure:4964: result: no
configure:4978: checking for getloadavg
configure:4978: g++ -o conftest -g -O2   conftest.cpp  >&5
configure:4978: $? = 0
configure:4978: result: yes
configure:4978: checking for swapctl
configure:4978: g++ -o conftest -g -O2   conftest.cpp  >&5
/tmp/ccBFnEVP.o: In function `main':
/home/roberto/git/secoli-SCEd/conftest.cpp:48: undefined reference to `swapctl'
collect2: error: ld returned 1 exit status
configure:4978: $? = 1
configure: failed program was:
| /* confdefs.h */
| #define PACKAGE_NAME "SCEd"
| #define PACKAGE_TARNAME "sced"
| #define PACKAGE_VERSION "0.1.5"
| #define PACKAGE_STRING "SCEd 0.1.5"
| #define PACKAGE_BUGREPORT ""
| #define PACKAGE_URL ""
| #define PACKAGE "sced"
| #define VERSION "0.1.5"
| #define LINUX 1
| #define SYSTEM_HOST Linux
| #define HAVE_GETLOADAVG 1
| /* end confdefs.h.  */
| /* Define swapctl to an innocuous variant, in case <limits.h> declares swapctl.
|    For example, HP-UX 11i <limits.h> declares gettimeofday.  */
| #define swapctl innocuous_swapctl
| 
| /* System header to define __stub macros and hopefully few prototypes,
|     which can conflict with char swapctl (); below.
|     Prefer <limits.h> to <assert.h> if __STDC__ is defined, since
|     <limits.h> exists even on freestanding compilers.  */
| 
| #ifdef __STDC__
| # include <limits.h>
| #else
| # include <assert.h>
| #endif
| 
| #undef swapctl
| 
| /* Override any GCC internal prototype to avoid an error.
|    Use char because int might match the return type of a GCC
|    builtin and then its argument prototype would still apply.  */
| #ifdef __cplusplus
| extern "C"
| #endif
| char swapctl ();
| /* The GNU C library defines this for functions which it implements
|     to always fail with ENOSYS.  Some functions are actually named
|     something starting with __ and the normal name is an alias.  */
| #if defined __stub_swapctl || defined __stub___swapctl
| choke me
| #endif
| 
| int
| main ()
| {
| return swapctl ();
|   ;
|   return 0;
| }
configure:4978: result: no
configure:4992: checking how to run the C++ preprocessor
configure:5019: g++ -E  conftest.cpp
configure:5019: $? = 0
configure:5033: g++ -E  conftest.cpp
conftest.cpp:14:10: fatal error: ac_nonexistent.h: No such file or directory
 #include <ac_nonexistent.h>
          ^~~~~~~~~~~~~~~~~~
compilation terminated.
configure:5033: $? = 1
configure: failed program was:
| /* confdefs.h */
| #define PACKAGE_NAME "SCEd"
| #define PACKAGE_TARNAME "sced"
| #define PACKAGE_VERSION "0.1.5"
| #define PACKAGE_STRING "SCEd 0.1.5"
| #define PACKAGE_BUGREPORT ""
| #define PACKAGE_URL ""
| #define PACKAGE "sced"
| #define VERSION "0.1.5"
| #define LINUX 1
| #define SYSTEM_HOST Linux
| #define HAVE_GETLOADAVG 1
| /* end confdefs.h.  */
| #include <ac_nonexistent.h>
configure:5058: result: g++ -E
configure:5078: g++ -E  conftest.cpp
configure:5078: $? = 0
configure:5092: g++ -E  conftest.cpp
conftest.cpp:14:10: fatal error: ac_nonexistent.h: No such file or directory
 #include <ac_nonexistent.h>
          ^~~~~~~~~~~~~~~~~~
compilation terminated.
configure:5092: $? = 1
configure: failed program was:
| /* confdefs.h */
| #define PACKAGE_NAME "SCEd"
| #define PACKAGE_TARNAME "sced"
| #define PACKAGE_VERSION "0.1.5"
| #define PACKAGE_STRING "SCEd 0.1.5"
| #define PACKAGE_BUGREPORT ""
| #define PACKAGE_URL ""
| #define PACKAGE "sced"
| #define VERSION "0.1.5"
| #define LINUX 1
| #define SYSTEM_HOST Linux
| #define HAVE_GETLOADAVG 1
| /* end confdefs.h.  */
| #include <ac_nonexistent.h>
configure:5121: checking for grep that handles long lines and -e
configure:5179: result: /usr/bin/grep
configure:5184: checking for egrep
configure:5246: result: /usr/bin/grep -E
configure:5251: checking for ANSI C header files
configure:5271: g++ -c -g -O2  conftest.cpp >&5
configure:5271: $? = 0
configure:5344: g++ -o conftest -g -O2   conftest.cpp  >&5
configure:5344: $? = 0
configure:5344: ./conftest
configure:5344: $? = 0
configure:5355: result: yes
configure:5368: checking for sys/types.h
configure:5368: g++ -c -g -O2  conftest.cpp >&5
configure:5368: $? = 0
configure:5368: result: yes
configure:5368: checking for sys/stat.h
configure:5368: g++ -c -g -O2  conftest.cpp >&5
configure:5368: $? = 0
configure:5368: result: yes
configure:5368: checking for stdlib.h
configure:5368: g++ -c -g -O2  conftest.cpp >&5
configure:5368: $? = 0
configure:5368: result: yes
configure:5368: checking for string.h
configure:5368: g++ -c -g -O2  conftest.cpp >&5
configure:5368: $? = 0
configure:5368: result: yes
configure:5368: checking for memory.h
configure:5368: g++ -c -g -O2  conftest.cpp >&5
configure:5368: $? = 0
configure:5368: result: yes
configure:5368: checking for strings.h
configure:5368: g++ -c -g -O2  conftest.cpp >&5
configure:5368: $? = 0
configure:5368: result: yes
configure:5368: checking for inttypes.h
configure:5368: g++ -c -g -O2  conftest.cpp >&5
configure:5368: $? = 0
configure:5368: result: yes
configure:5368: checking for stdint.h
configure:5368: g++ -c -g -O2  conftest.cpp >&5
configure:5368: $? = 0
configure:5368: result: yes
configure:5368: checking for unistd.h
configure:5368: g++ -c -g -O2  conftest.cpp >&5
configure:5368: $? = 0
configure:5368: result: yes
configure:5383: checking procfs.h usability
configure:5383: g++ -c -g -O2  conftest.cpp >&5
conftest.cpp:57:10: fatal error: procfs.h: No such file or directory
 #include <procfs.h>
          ^~~~~~~~~~
compilation terminated.
configure:5383: $? = 1
configure: failed program was:
| /* confdefs.h */
| #define PACKAGE_NAME "SCEd"
| #define PACKAGE_TARNAME "sced"
| #define PACKAGE_VERSION "0.1.5"
| #define PACKAGE_STRING "SCEd 0.1.5"
| #define PACKAGE_BUGREPORT ""
| #define PACKAGE_URL ""
| #define PACKAGE "sced"
| #define VERSION "0.1.5"
| #define LINUX 1
| #define SYSTEM_HOST Linux
| #define HAVE_GETLOADAVG 1
| #define STDC_HEADERS 1
| #define HAVE_SYS_TYPES_H 1
| #define HAVE_SYS_STAT_H 1
| #define HAVE_STDLIB_H 1
| #define HAVE_STRING_H 1
| #define HAVE_MEMORY_H 1
| #define HAVE_STRINGS_H 1
| #define HAVE_INTTYPES_H 1
| #define HAVE_STDINT_H 1
| #define HAVE_UNISTD_H 1
| /* end confdefs.h.  */
| #include <stdio.h>
| #ifdef HAVE_SYS_TYPES_H
| # include <sys/types.h>
| #endif
| #ifdef HAVE_SYS_STAT_H
| # include <sys/stat.h>
| #endif
| #ifdef STDC_HEADERS
| # include <stdlib.h>
| # include <stddef.h>
| #else
| # ifdef HAVE_STDLIB_H
| #  include <stdlib.h>
| # endif
| #endif
| #ifdef HAVE_STRING_H
| # if !defined STDC_HEADERS && defined HAVE_MEMORY_H
| #  include <memory.h>
| # endif
| # include <string.h>
| #endif
| #ifdef HAVE_STRINGS_H
| # include <strings.h>
| #endif
| #ifdef HAVE_INTTYPES_H
| # include <inttypes.h>
| #endif
| #ifdef HAVE_STDINT_H
| # include <stdint.h>
| #endif
| #ifdef HAVE_UNISTD_H
| # include <unistd.h>
| #endif
| #include <procfs.h>
configure:5383: result: no
configure:5383: checking procfs.h presence
configure:5383: g++ -E  conftest.cpp
conftest.cpp:24:10: fatal error: procfs.h: No such file or directory
 #include <procfs.h>
          ^~~~~~~~~~
compilation terminated.
configure:5383: $? = 1
configure: failed program was:
| /* confdefs.h */
| #define PACKAGE_NAME "SCEd"
| #define PACKAGE_TARNAME "sced"
| #define PACKAGE_VERSION "0.1.5"
| #define PACKAGE_STRING "SCEd 0.1.5"
| #define PACKAGE_BUGREPORT ""
| #define PACKAGE_URL ""
| #define PACKAGE "sced"
| #define VERSION "0.1.5"
| #define LINUX 1
| #define SYSTEM_HOST Linux
| #define HAVE_GETLOADAVG 1
| #define STDC_HEADERS 1
| #define HAVE_SYS_TYPES_H 1
| #define HAVE_SYS_STAT_H 1
| #define HAVE_STDLIB_H 1
| #define HAVE_STRING_H 1
| #define HAVE_MEMORY_H 1
| #define HAVE_STRINGS_H 1
| #define HAVE_INTTYPES_H 1
| #define HAVE_STDINT_H 1
| #define HAVE_UNISTD_H 1
| /* end confdefs.h.  */
| #include <procfs.h>
configure:5383: result: no
configure:5383: checking for procfs.h
configure:5383: result: no
configure:5383: checking sys/procfs.h usability
configure:5383: g++ -c -g -O2  conftest.cpp >&5
configure:5383: $? = 0
configure:5383: result: yes
configure:5383: checking sys/procfs.h presence
configure:5383: g++ -E  conftest.cpp
configure:5383: $? = 0
configure:5383: result: yes
configure:5383: checking for sys/procfs.h
configure:5383: result: yes
configure:5383: checking sys/loadavg.h usability
configure:5383: g++ -c -g -O2  conftest.cpp >&5
conftest.cpp:58:10: fatal error: sys/loadavg.h: No such file or directory
 #include <sys/loadavg.h>
          ^~~~~~~~~~~~~~~
compilation terminated.
configure:5383: $? = 1
configure: failed program was:
| /* confdefs.h */
| #define PACKAGE_NAME "SCEd"
| #define PACKAGE_TARNAME "sced"
| #define PACKAGE_VERSION "0.1.5"
| #define PACKAGE_STRING "SCEd 0.1.5"
| #define PACKAGE_BUGREPORT ""
| #define PACKAGE_URL ""
| #define PACKAGE "sced"
| #define VERSION "0.1.5"
| #define LINUX 1
| #define SYSTEM_HOST Linux
| #define HAVE_GETLOADAVG 1
| #define STDC_HEADERS 1
| #define HAVE_SYS_TYPES_H 1
| #define HAVE_SYS_STAT_H 1
| #define HAVE_STDLIB_H 1
| #define HAVE_STRING_H 1
| #define HAVE_MEMORY_H 1
| #define HAVE_STRINGS_H 1
| #define HAVE_INTTYPES_H 1
| #define HAVE_STDINT_H 1
| #define HAVE_UNISTD_H 1
| #define HAVE_SYS_PROCFS_H 1
| /* end confdefs.h.  */
| #include <stdio.h>
| #ifdef HAVE_SYS_TYPES_H
| # include <sys/types.h>
| #endif
| #ifdef HAVE_SYS_STAT_H
| # include <sys/stat.h>
| #endif
| #ifdef STDC_HEADERS
| # include <stdlib.h>
| # include <stddef.h>
| #else
| # ifdef HAVE_STDLIB_H
| #  include <stdlib.h>
| # endif
| #endif
| #ifdef HAVE_STRING_H
| # if !defined STDC_HEADERS && defined HAVE_MEMORY_H
| #  include <memory.h>
| # endif
| # include <string.h>
| #endif
| #ifdef HAVE_STRINGS_H
| # include <strings.h>
| #endif
| #ifdef HAVE_INTTYPES_H
| # include <inttypes.h>
| #endif
| #ifdef HAVE_STDINT_H
| # include <stdint.h>
| #endif
| #ifdef HAVE_UNISTD_H
| # include <unistd.h>
| #endif
| #include <sys/loadavg.h>
configure:5383: result: no
configure:5383: checking sys/loadavg.h presence
configure:5383: g++ -E  conftest.cpp
conftest.cpp:25:10: fatal error: sys/loadavg.h: No such file or directory
 #include <sys/loadavg.h>
          ^~~~~~~~~~~~~~~
compilation terminated.
configure:5383: $? = 1
configure: failed program was:
| /* confdefs.h */
| #define PACKAGE_NAME "SCEd"
| #define PACKAGE_TARNAME "sced"
| #define PACKAGE_VERSION "0.1.5"
| #define PACKAGE_STRING "SCEd 0.1.5"
| #define PACKAGE_BUGREPORT ""
| #define PACKAGE_URL ""
| #define PACKAGE "sced"
| #define VERSION "0.1.5"
| #define LINUX 1
| #define SYSTEM_HOST Linux
| #define HAVE_GETLOADAVG 1
| #define STDC_HEADERS 1
| #define HAVE_SYS_TYPES_H 1
| #define HAVE_SYS_STAT_H 1
| #define HAVE_STDLIB_H 1
| #define HAVE_STRING_H 1
| #define HAVE_MEMORY_H 1
| #define HAVE_STRINGS_H 1
| #define HAVE_INTTYPES_H 1
| #define HAVE_STDINT_H 1
| #define HAVE_UNISTD_H 1
| #define HAVE_SYS_PROCFS_H 1
| /* end confdefs.h.  */
| #include <sys/loadavg.h>
configure:5383: result: no
configure:5383: checking for sys/loadavg.h
configure:5383: result: no
configure:5383: checking utmpx.h usability
configure:5383: g++ -c -g -O2  conftest.cpp >&5
configure:5383: $? = 0
configure:5383: result: yes
configure:5383: checking utmpx.h presence
configure:5383: g++ -E  conftest.cpp
configure:5383: $? = 0
configure:5383: result: yes
configure:5383: checking for utmpx.h
configure:5383: result: yes
configure:5394: checking for kvm_open in -lkvm
configure:5419: g++ -o conftest -g -O2   conftest.cpp -lkvm   >&5
/usr/bin/ld: cannot find -lkvm
collect2: error: ld returned 1 exit status
configure:5419: $? = 1
configure: failed program was:
| /* confdefs.h */
| #define PACKAGE_NAME "SCEd"
| #define PACKAGE_TARNAME "sced"
| #define PACKAGE_VERSION "0.1.5"
| #define PACKAGE_STRING "SCEd 0.1.5"
| #define PACKAGE_BUGREPORT ""
| #define PACKAGE_URL ""
| #define PACKAGE "sced"
| #define VERSION "0.1.5"
| #define LINUX 1
| #define SYSTEM_HOST Linux
| #define HAVE_GETLOADAVG 1
| #define STDC_HEADERS 1
| #define HAVE_SYS_TYPES_H 1
| #define HAVE_SYS_STAT_H 1
| #define HAVE_STDLIB_H 1
| #define HAVE_STRING_H 1
| #define HAVE_MEMORY_H 1
| #define HAVE_STRINGS_H 1
| #define HAVE_INTTYPES_H 1
| #define HAVE_STDINT_H 1
| #define HAVE_UNISTD_H 1
| #define HAVE_SYS_PROCFS_H 1
| #define HAVE_UTMPX_H 1
| /* end confdefs.h.  */
| 
| /* Override any GCC internal prototype to avoid an error.
|    Use char because int might match the return type of a GCC
|    builtin and then its argument prototype would still apply.  */
| #ifdef __cplusplus
| extern "C"
| #endif
| char kvm_open ();
| int
| main ()
| {
| return kvm_open ();
|   ;
|   return 0;
| }
configure:5428: result: no
configure:5435: checking for kvm_open in -lkvm with -lelf
configure:5453: g++ -o conftest -g -O2   conftest.cpp -lkvm -lelf  >&5
/usr/bin/ld: cannot find -lkvm
collect2: error: ld returned 1 exit status
configure:5453: $? = 1
configure: failed program was:
| /* confdefs.h */
| #define PACKAGE_NAME "SCEd"
| #define PACKAGE_TARNAME "sced"
| #define PACKAGE_VERSION "0.1.5"
| #define PACKAGE_STRING "SCEd 0.1.5"
| #define PACKAGE_BUGREPORT ""
| #define PACKAGE_URL ""
| #define PACKAGE "sced"
| #define VERSION "0.1.5"
| #define LINUX 1
| #define SYSTEM_HOST Linux
| #define HAVE_GETLOADAVG 1
| #define STDC_HEADERS 1
| #define HAVE_SYS_TYPES_H 1
| #define HAVE_SYS_STAT_H 1
| #define HAVE_STDLIB_H 1
| #define HAVE_STRING_H 1
| #define HAVE_MEMORY_H 1
| #define HAVE_STRINGS_H 1
| #define HAVE_INTTYPES_H 1
| #define HAVE_STDINT_H 1
| #define HAVE_UNISTD_H 1
| #define HAVE_SYS_PROCFS_H 1
| #define HAVE_UTMPX_H 1
| /* end confdefs.h.  */
| char kvm_open();
| int
| main ()
| {
| kvm_open()
|   ;
|   return 0;
| }
configure:5469: result: no
configure:5479: checking sched.h usability
configure:5479: g++ -c -g -O2  conftest.cpp >&5
configure:5479: $? = 0
configure:5479: result: yes
configure:5479: checking sched.h presence
configure:5479: g++ -E  conftest.cpp
configure:5479: $? = 0
configure:5479: result: yes
configure:5479: checking for sched.h
configure:5479: result: yes
configure:5479: checking for sys/types.h
configure:5479: result: yes
configure:5479: checking machine/pio.h usability
configure:5479: g++ -c -g -O2  conftest.cpp >&5
conftest.cpp:61:10: fatal error: machine/pio.h: No such file or directory
 #include <machine/pio.h>
          ^~~~~~~~~~~~~~~
compilation terminated.
configure:5479: $? = 1
configure: failed program was:
| /* confdefs.h */
| #define PACKAGE_NAME "SCEd"
| #define PACKAGE_TARNAME "sced"
| #define PACKAGE_VERSION "0.1.5"
| #define PACKAGE_STRING "SCEd 0.1.5"
| #define PACKAGE_BUGREPORT ""
| #define PACKAGE_URL ""
| #define PACKAGE "sced"
| #define VERSION "0.1.5"
| #define LINUX 1
| #define SYSTEM_HOST Linux
| #define HAVE_GETLOADAVG 1
| #define STDC_HEADERS 1
| #define HAVE_SYS_TYPES_H 1
| #define HAVE_SYS_STAT_H 1
| #define HAVE_STDLIB_H 1
| #define HAVE_STRING_H 1
| #define HAVE_MEMORY_H 1
| #define HAVE_STRINGS_H 1
| #define HAVE_INTTYPES_H 1
| #define HAVE_STDINT_H 1
| #define HAVE_UNISTD_H 1
| #define HAVE_SYS_PROCFS_H 1
| #define HAVE_UTMPX_H 1
| #define HAVE_SCHED_H 1
| #define HAVE_SYS_TYPES_H 1
| /* end confdefs.h.  */
| #include <stdio.h>
| #ifdef HAVE_SYS_TYPES_H
| # include <sys/types.h>
| #endif
| #ifdef HAVE_SYS_STAT_H
| # include <sys/stat.h>
| #endif
| #ifdef STDC_HEADERS
| # include <stdlib.h>
| # include <stddef.h>
| #else
| # ifdef HAVE_STDLIB_H
| #  include <stdlib.h>
| # endif
| #endif
| #ifdef HAVE_STRING_H
| # if !defined STDC_HEADERS && defined HAVE_MEMORY_H
| #  include <memory.h>
| # endif
| # include <string.h>
| #endif
| #ifdef HAVE_STRINGS_H
| # include <strings.h>
| #endif
| #ifdef HAVE_INTTYPES_H
| # include <inttypes.h>
| #endif
| #ifdef HAVE_STDINT_H
| # include <stdint.h>
| #endif
| #ifdef HAVE_UNISTD_H
| # include <unistd.h>
| #endif
| #include <machine/pio.h>
configure:5479: result: no
configure:5479: checking machine/pio.h presence
configure:5479: g++ -E  conftest.cpp
conftest.cpp:28:10: fatal error: machine/pio.h: No such file or directory
 #include <machine/pio.h>
          ^~~~~~~~~~~~~~~
compilation terminated.
configure:5479: $? = 1
configure: failed program was:
| /* confdefs.h */
| #define PACKAGE_NAME "SCEd"
| #define PACKAGE_TARNAME "sced"
| #define PACKAGE_VERSION "0.1.5"
| #define PACKAGE_STRING "SCEd 0.1.5"
| #define PACKAGE_BUGREPORT ""
| #define PACKAGE_URL ""
| #define PACKAGE "sced"
| #define VERSION "0.1.5"
| #define LINUX 1
| #define SYSTEM_HOST Linux
| #define HAVE_GETLOADAVG 1
| #define STDC_HEADERS 1
| #define HAVE_SYS_TYPES_H 1
| #define HAVE_SYS_STAT_H 1
| #define HAVE_STDLIB_H 1
| #define HAVE_STRING_H 1
| #define HAVE_MEMORY_H 1
| #define HAVE_STRINGS_H 1
| #define HAVE_INTTYPES_H 1
| #define HAVE_STDINT_H 1
| #define HAVE_UNISTD_H 1
| #define HAVE_SYS_PROCFS_H 1
| #define HAVE_UTMPX_H 1
| #define HAVE_SCHED_H 1
| #define HAVE_SYS_TYPES_H 1
| /* end confdefs.h.  */
| #include <machine/pio.h>
configure:5479: result: no
configure:5479: checking for machine/pio.h
configure:5479: result: no
configure:5479: checking machine/sysarch.h usability
configure:5479: g++ -c -g -O2  conftest.cpp >&5
conftest.cpp:61:10: fatal error: machine/sysarch.h: No such file or directory
 #include <machine/sysarch.h>
          ^~~~~~~~~~~~~~~~~~~
compilation terminated.
configure:5479: $? = 1
configure: failed program was:
| /* confdefs.h */
| #define PACKAGE_NAME "SCEd"
| #define PACKAGE_TARNAME "sced"
| #define PACKAGE_VERSION "0.1.5"
| #define PACKAGE_STRING "SCEd 0.1.5"
| #define PACKAGE_BUGREPORT ""
| #define PACKAGE_URL ""
| #define PACKAGE "sced"
| #define VERSION "0.1.5"
| #define LINUX 1
| #define SYSTEM_HOST Linux
| #define HAVE_GETLOADAVG 1
| #define STDC_HEADERS 1
| #define HAVE_SYS_TYPES_H 1
| #define HAVE_SYS_STAT_H 1
| #define HAVE_STDLIB_H 1
| #define HAVE_STRING_H 1
| #define HAVE_MEMORY_H 1
| #define HAVE_STRINGS_H 1
| #define HAVE_INTTYPES_H 1
| #define HAVE_STDINT_H 1
| #define HAVE_UNISTD_H 1
| #define HAVE_SYS_PROCFS_H 1
| #define HAVE_UTMPX_H 1
| #define HAVE_SCHED_H 1
| #define HAVE_SYS_TYPES_H 1
| /* end confdefs.h.  */
| #include <stdio.h>
| #ifdef HAVE_SYS_TYPES_H
| # include <sys/types.h>
| #endif
| #ifdef HAVE_SYS_STAT_H
| # include <sys/stat.h>
| #endif
| #ifdef STDC_HEADERS
| # include <stdlib.h>
| # include <stddef.h>
| #else
| # ifdef HAVE_STDLIB_H
| #  include <stdlib.h>
| # endif
| #endif
| #ifdef HAVE_STRING_H
| # if !defined STDC_HEADERS && defined HAVE_MEMORY_H
| #  include <memory.h>
| # endif
| # include <string.h>
| #endif
| #ifdef HAVE_STRINGS_H
| # include <strings.h>
| #endif
| #ifdef HAVE_INTTYPES_H
| # include <inttypes.h>
| #endif
| #ifdef HAVE_STDINT_H
| # include <stdint.h>
| #endif
| #ifdef HAVE_UNISTD_H
| # include <unistd.h>
| #endif
| #include <machine/sysarch.h>
configure:5479: result: no
configure:5479: checking machine/sysarch.h presence
configure:5479: g++ -E  conftest.cpp
conftest.cpp:28:10: fatal error: machine/sysarch.h: No such file or directory
 #include <machine/sysarch.h>
          ^~~~~~~~~~~~~~~~~~~
compilation terminated.
configure:5479: $? = 1
configure: failed program was:
| /* confdefs.h */
| #define PACKAGE_NAME "SCEd"
| #define PACKAGE_TARNAME "sced"
| #define PACKAGE_VERSION "0.1.5"
| #define PACKAGE_STRING "SCEd 0.1.5"
| #define PACKAGE_BUGREPORT ""
| #define PACKAGE_URL ""
| #define PACKAGE "sced"
| #define VERSION "0.1.5"
| #define LINUX 1
| #define SYSTEM_HOST Linux
| #define HAVE_GETLOADAVG 1
| #define STDC_HEADERS 1
| #define HAVE_SYS_TYPES_H 1
| #define HAVE_SYS_STAT_H 1
| #define HAVE_STDLIB_H 1
| #define HAVE_STRING_H 1
| #define HAVE_MEMORY_H 1
| #define HAVE_STRINGS_H 1
| #define HAVE_INTTYPES_H 1
| #define HAVE_STDINT_H 1
| #define HAVE_UNISTD_H 1
| #define HAVE_SYS_PROCFS_H 1
| #define HAVE_UTMPX_H 1
| #define HAVE_SCHED_H 1
| #define HAVE_SYS_TYPES_H 1
| /* end confdefs.h.  */
| #include <machine/sysarch.h>
configure:5479: result: no
configure:5479: checking for machine/sysarch.h
configure:5479: result: no
configure:5479: checking sys/cpuvar.h usability
configure:5479: g++ -c -g -O2  conftest.cpp >&5
conftest.cpp:61:10: fatal error: sys/cpuvar.h: No such file or directory
 #include <sys/cpuvar.h>
          ^~~~~~~~~~~~~~
compilation terminated.
configure:5479: $? = 1
configure: failed program was:
| /* confdefs.h */
| #define PACKAGE_NAME "SCEd"
| #define PACKAGE_TARNAME "sced"
| #define PACKAGE_VERSION "0.1.5"
| #define PACKAGE_STRING "SCEd 0.1.5"
| #define PACKAGE_BUGREPORT ""
| #define PACKAGE_URL ""
| #define PACKAGE "sced"
| #define VERSION "0.1.5"
| #define LINUX 1
| #define SYSTEM_HOST Linux
| #define HAVE_GETLOADAVG 1
| #define STDC_HEADERS 1
| #define HAVE_SYS_TYPES_H 1
| #define HAVE_SYS_STAT_H 1
| #define HAVE_STDLIB_H 1
| #define HAVE_STRING_H 1
| #define HAVE_MEMORY_H 1
| #define HAVE_STRINGS_H 1
| #define HAVE_INTTYPES_H 1
| #define HAVE_STDINT_H 1
| #define HAVE_UNISTD_H 1
| #define HAVE_SYS_PROCFS_H 1
| #define HAVE_UTMPX_H 1
| #define HAVE_SCHED_H 1
| #define HAVE_SYS_TYPES_H 1
| /* end confdefs.h.  */
| #include <stdio.h>
| #ifdef HAVE_SYS_TYPES_H
| # include <sys/types.h>
| #endif
| #ifdef HAVE_SYS_STAT_H
| # include <sys/stat.h>
| #endif
| #ifdef STDC_HEADERS
| # include <stdlib.h>
| # include <stddef.h>
| #else
| # ifdef HAVE_STDLIB_H
| #  include <stdlib.h>
| # endif
| #endif
| #ifdef HAVE_STRING_H
| # if !defined STDC_HEADERS && defined HAVE_MEMORY_H
| #  include <memory.h>
| # endif
| # include <string.h>
| #endif
| #ifdef HAVE_STRINGS_H
| # include <strings.h>
| #endif
| #ifdef HAVE_INTTYPES_H
| # include <inttypes.h>
| #endif
| #ifdef HAVE_STDINT_H
| # include <stdint.h>
| #endif
| #ifdef HAVE_UNISTD_H
| # include <unistd.h>
| #endif
| #include <sys/cpuvar.h>
configure:5479: result: no
configure:5479: checking sys/cpuvar.h presence
configure:5479: g++ -E  conftest.cpp
conftest.cpp:28:10: fatal error: sys/cpuvar.h: No such file or directory
 #include <sys/cpuvar.h>
          ^~~~~~~~~~~~~~
compilation terminated.
configure:5479: $? = 1
configure: failed program was:
| /* confdefs.h */
| #define PACKAGE_NAME "SCEd"
| #define PACKAGE_TARNAME "sced"
| #define PACKAGE_VERSION "0.1.5"
| #define PACKAGE_STRING "SCEd 0.1.5"
| #define PACKAGE_BUGREPORT ""
| #define PACKAGE_URL ""
| #define PACKAGE "sced"
| #define VERSION "0.1.5"
| #define LINUX 1
| #define SYSTEM_HOST Linux
| #define HAVE_GETLOADAVG 1
| #define STDC_HEADERS 1
| #define HAVE_SYS_TYPES_H 1
| #define HAVE_SYS_STAT_H 1
| #define HAVE_STDLIB_H 1
| #define HAVE_STRING_H 1
| #define HAVE_MEMORY_H 1
| #define HAVE_STRINGS_H 1
| #define HAVE_INTTYPES_H 1
| #define HAVE_STDINT_H 1
| #define HAVE_UNISTD_H 1
| #define HAVE_SYS_PROCFS_H 1
| #define HAVE_UTMPX_H 1
| #define HAVE_SCHED_H 1
| #define HAVE_SYS_TYPES_H 1
| /* end confdefs.h.  */
| #include <sys/cpuvar.h>
configure:5479: result: no
configure:5479: checking for sys/cpuvar.h
configure:5479: result: no
configure:5479: checking machine/apm_bios.h usability
configure:5479: g++ -c -g -O2  conftest.cpp >&5
conftest.cpp:61:10: fatal error: machine/apm_bios.h: No such file or directory
 #include <machine/apm_bios.h>
          ^~~~~~~~~~~~~~~~~~~~
compilation terminated.
configure:5479: $? = 1
configure: failed program was:
| /* confdefs.h */
| #define PACKAGE_NAME "SCEd"
| #define PACKAGE_TARNAME "sced"
| #define PACKAGE_VERSION "0.1.5"
| #define PACKAGE_STRING "SCEd 0.1.5"
| #define PACKAGE_BUGREPORT ""
| #define PACKAGE_URL ""
| #define PACKAGE "sced"
| #define VERSION "0.1.5"
| #define LINUX 1
| #define SYSTEM_HOST Linux
| #define HAVE_GETLOADAVG 1
| #define STDC_HEADERS 1
| #define HAVE_SYS_TYPES_H 1
| #define HAVE_SYS_STAT_H 1
| #define HAVE_STDLIB_H 1
| #define HAVE_STRING_H 1
| #define HAVE_MEMORY_H 1
| #define HAVE_STRINGS_H 1
| #define HAVE_INTTYPES_H 1
| #define HAVE_STDINT_H 1
| #define HAVE_UNISTD_H 1
| #define HAVE_SYS_PROCFS_H 1
| #define HAVE_UTMPX_H 1
| #define HAVE_SCHED_H 1
| #define HAVE_SYS_TYPES_H 1
| /* end confdefs.h.  */
| #include <stdio.h>
| #ifdef HAVE_SYS_TYPES_H
| # include <sys/types.h>
| #endif
| #ifdef HAVE_SYS_STAT_H
| # include <sys/stat.h>
| #endif
| #ifdef STDC_HEADERS
| # include <stdlib.h>
| # include <stddef.h>
| #else
| # ifdef HAVE_STDLIB_H
| #  include <stdlib.h>
| # endif
| #endif
| #ifdef HAVE_STRING_H
| # if !defined STDC_HEADERS && defined HAVE_MEMORY_H
| #  include <memory.h>
| # endif
| # include <string.h>
| #endif
| #ifdef HAVE_STRINGS_H
| # include <strings.h>
| #endif
| #ifdef HAVE_INTTYPES_H
| # include <inttypes.h>
| #endif
| #ifdef HAVE_STDINT_H
| # include <stdint.h>
| #endif
| #ifdef HAVE_UNISTD_H
| # include <unistd.h>
| #endif
| #include <machine/apm_bios.h>
configure:5479: result: no
configure:5479: checking machine/apm_bios.h presence
configure:5479: g++ -E  conftest.cpp
conftest.cpp:28:10: fatal error: machine/apm_bios.h: No such file or directory
 #include <machine/apm_bios.h>
          ^~~~~~~~~~~~~~~~~~~~
compilation terminated.
configure:5479: $? = 1
configure: failed program was:
| /* confdefs.h */
| #define PACKAGE_NAME "SCEd"
| #define PACKAGE_TARNAME "sced"
| #define PACKAGE_VERSION "0.1.5"
| #define PACKAGE_STRING "SCEd 0.1.5"
| #define PACKAGE_BUGREPORT ""
| #define PACKAGE_URL ""
| #define PACKAGE "sced"
| #define VERSION "0.1.5"
| #define LINUX 1
| #define SYSTEM_HOST Linux
| #define HAVE_GETLOADAVG 1
| #define STDC_HEADERS 1
| #define HAVE_SYS_TYPES_H 1
| #define HAVE_SYS_STAT_H 1
| #define HAVE_STDLIB_H 1
| #define HAVE_STRING_H 1
| #define HAVE_MEMORY_H 1
| #define HAVE_STRINGS_H 1
| #define HAVE_INTTYPES_H 1
| #define HAVE_STDINT_H 1
| #define HAVE_UNISTD_H 1
| #define HAVE_SYS_PROCFS_H 1
| #define HAVE_UTMPX_H 1
| #define HAVE_SCHED_H 1
| #define HAVE_SYS_TYPES_H 1
| /* end confdefs.h.  */
| #include <machine/apm_bios.h>
configure:5479: result: no
configure:5479: checking for machine/apm_bios.h
configure:5479: result: no
configure:5494: checking for machine/cpufunc.h
configure:5494: g++ -c -g -O2  conftest.cpp >&5
conftest.cpp:33:10: fatal error: machine/cpufunc.h: No such file or directory
 #include <machine/cpufunc.h>
          ^~~~~~~~~~~~~~~~~~~
compilation terminated.
configure:5494: $? = 1
configure: failed program was:
| /* confdefs.h */
| #define PACKAGE_NAME "SCEd"
| #define PACKAGE_TARNAME "sced"
| #define PACKAGE_VERSION "0.1.5"
| #define PACKAGE_STRING "SCEd 0.1.5"
| #define PACKAGE_BUGREPORT ""
| #define PACKAGE_URL ""
| #define PACKAGE "sced"
| #define VERSION "0.1.5"
| #define LINUX 1
| #define SYSTEM_HOST Linux
| #define HAVE_GETLOADAVG 1
| #define STDC_HEADERS 1
| #define HAVE_SYS_TYPES_H 1
| #define HAVE_SYS_STAT_H 1
| #define HAVE_STDLIB_H 1
| #define HAVE_STRING_H 1
| #define HAVE_MEMORY_H 1
| #define HAVE_STRINGS_H 1
| #define HAVE_INTTYPES_H 1
| #define HAVE_STDINT_H 1
| #define HAVE_UNISTD_H 1
| #define HAVE_SYS_PROCFS_H 1
| #define HAVE_UTMPX_H 1
| #define HAVE_SCHED_H 1
| #define HAVE_SYS_TYPES_H 1
| /* end confdefs.h.  */
| #if HAVE_SYS_TYPES_H
| # include <sys/types.h>
| #endif
| 
| 
| #include <machine/cpufunc.h>
configure:5494: result: no
configure:5511: checking for sched_setscheduler
configure:5511: g++ -o conftest -g -O2   conftest.cpp  >&5
configure:5511: $? = 0
configure:5511: result: yes
configure:5520: checking for sched_setscheduler in -lposix4
configure:5545: g++ -o conftest -g -O2   conftest.cpp -lposix4   >&5
/usr/bin/ld: cannot find -lposix4
collect2: error: ld returned 1 exit status
configure:5545: $? = 1
configure: failed program was:
| /* confdefs.h */
| #define PACKAGE_NAME "SCEd"
| #define PACKAGE_TARNAME "sced"
| #define PACKAGE_VERSION "0.1.5"
| #define PACKAGE_STRING "SCEd 0.1.5"
| #define PACKAGE_BUGREPORT ""
| #define PACKAGE_URL ""
| #define PACKAGE "sced"
| #define VERSION "0.1.5"
| #define LINUX 1
| #define SYSTEM_HOST Linux
| #define HAVE_GETLOADAVG 1
| #define STDC_HEADERS 1
| #define HAVE_SYS_TYPES_H 1
| #define HAVE_SYS_STAT_H 1
| #define HAVE_STDLIB_H 1
| #define HAVE_STRING_H 1
| #define HAVE_MEMORY_H 1
| #define HAVE_STRINGS_H 1
| #define HAVE_INTTYPES_H 1
| #define HAVE_STDINT_H 1
| #define HAVE_UNISTD_H 1
| #define HAVE_SYS_PROCFS_H 1
| #define HAVE_UTMPX_H 1
| #define HAVE_SCHED_H 1
| #define HAVE_SYS_TYPES_H 1
| #define HAVE_SCHED_SETSCHEDULER 1
| /* end confdefs.h.  */
| 
| /* Override any GCC internal prototype to avoid an error.
|    Use char because int might match the return type of a GCC
|    builtin and then its argument prototype would still apply.  */
| #ifdef __cplusplus
| extern "C"
| #endif
| char sched_setscheduler ();
| int
| main ()
| {
| return sched_setscheduler ();
|   ;
|   return 0;
| }
configure:5554: result: no
configure:5564: checking for sched_setscheduler in -lrt
configure:5589: g++ -o conftest -g -O2   conftest.cpp -lrt   >&5
configure:5589: $? = 0
configure:5598: result: yes
configure:5609: checking for i386_get_ioperm in -li386
configure:5634: g++ -o conftest -g -O2   conftest.cpp -li386   >&5
/usr/bin/ld: cannot find -li386
collect2: error: ld returned 1 exit status
configure:5634: $? = 1
configure: failed program was:
| /* confdefs.h */
| #define PACKAGE_NAME "SCEd"
| #define PACKAGE_TARNAME "sced"
| #define PACKAGE_VERSION "0.1.5"
| #define PACKAGE_STRING "SCEd 0.1.5"
| #define PACKAGE_BUGREPORT ""
| #define PACKAGE_URL ""
| #define PACKAGE "sced"
| #define VERSION "0.1.5"
| #define LINUX 1
| #define SYSTEM_HOST Linux
| #define HAVE_GETLOADAVG 1
| #define STDC_HEADERS 1
| #define HAVE_SYS_TYPES_H 1
| #define HAVE_SYS_STAT_H 1
| #define HAVE_STDLIB_H 1
| #define HAVE_STRING_H 1
| #define HAVE_MEMORY_H 1
| #define HAVE_STRINGS_H 1
| #define HAVE_INTTYPES_H 1
| #define HAVE_STDINT_H 1
| #define HAVE_UNISTD_H 1
| #define HAVE_SYS_PROCFS_H 1
| #define HAVE_UTMPX_H 1
| #define HAVE_SCHED_H 1
| #define HAVE_SYS_TYPES_H 1
| #define HAVE_SCHED_SETSCHEDULER 1
| #define HAVE_SCHED_SETSCHEDULER 1
| /* end confdefs.h.  */
| 
| /* Override any GCC internal prototype to avoid an error.
|    Use char because int might match the return type of a GCC
|    builtin and then its argument prototype would still apply.  */
| #ifdef __cplusplus
| extern "C"
| #endif
| char i386_get_ioperm ();
| int
| main ()
| {
| return i386_get_ioperm ();
|   ;
|   return 0;
| }
configure:5643: result: no
configure:5652: checking for i386_get_ioperm in -lc
configure:5677: g++ -o conftest -g -O2   conftest.cpp -lc   >&5
/tmp/ccZQtQDg.o: In function `main':
/home/roberto/git/secoli-SCEd/conftest.cpp:41: undefined reference to `i386_get_ioperm'
collect2: error: ld returned 1 exit status
configure:5677: $? = 1
configure: failed program was:
| /* confdefs.h */
| #define PACKAGE_NAME "SCEd"
| #define PACKAGE_TARNAME "sced"
| #define PACKAGE_VERSION "0.1.5"
| #define PACKAGE_STRING "SCEd 0.1.5"
| #define PACKAGE_BUGREPORT ""
| #define PACKAGE_URL ""
| #define PACKAGE "sced"
| #define VERSION "0.1.5"
| #define LINUX 1
| #define SYSTEM_HOST Linux
| #define HAVE_GETLOADAVG 1
| #define STDC_HEADERS 1
| #define HAVE_SYS_TYPES_H 1
| #define HAVE_SYS_STAT_H 1
| #define HAVE_STDLIB_H 1
| #define HAVE_STRING_H 1
| #define HAVE_MEMORY_H 1
| #define HAVE_STRINGS_H 1
| #define HAVE_INTTYPES_H 1
| #define HAVE_STDINT_H 1
| #define HAVE_UNISTD_H 1
| #define HAVE_SYS_PROCFS_H 1
| #define HAVE_UTMPX_H 1
| #define HAVE_SCHED_H 1
| #define HAVE_SYS_TYPES_H 1
| #define HAVE_SCHED_SETSCHEDULER 1
| #define HAVE_SCHED_SETSCHEDULER 1
| /* end confdefs.h.  */
| 
| /* Override any GCC internal prototype to avoid an error.
|    Use char because int might match the return type of a GCC
|    builtin and then its argument prototype would still apply.  */
| #ifdef __cplusplus
| extern "C"
| #endif
| char i386_get_ioperm ();
| int
| main ()
| {
| return i386_get_ioperm ();
|   ;
|   return 0;
| }
configure:5686: result: no
configure:5700: checking for iopl
configure:5700: g++ -o conftest -g -O2   conftest.cpp  >&5
configure:5700: $? = 0
configure:5700: result: yes
configure:5711: checking for ioperm
configure:5711: g++ -o conftest -g -O2   conftest.cpp  >&5
configure:5711: $? = 0
configure:5711: result: yes
configure:5722: checking sys/io.h usability
configure:5722: g++ -c -g -O2  conftest.cpp >&5
configure:5722: $? = 0
configure:5722: result: yes
configure:5722: checking sys/io.h presence
configure:5722: g++ -E  conftest.cpp
configure:5722: $? = 0
configure:5722: result: yes
configure:5722: checking for sys/io.h
configure:5722: result: yes
configure:5737: checking for dirent.h that defines DIR
configure:5756: g++ -c -g -O2  conftest.cpp >&5
configure:5756: $? = 0
configure:5764: result: yes
configure:5777: checking for library containing opendir
configure:5808: g++ -o conftest -g -O2   conftest.cpp  >&5
configure:5808: $? = 0
configure:5825: result: none required
configure:5892: checking for ANSI C header files
configure:5996: result: yes
configure:6007: checking fcntl.h usability
configure:6007: g++ -c -g -O2  conftest.cpp >&5
configure:6007: $? = 0
configure:6007: result: yes
configure:6007: checking fcntl.h presence
configure:6007: g++ -E  conftest.cpp
configure:6007: $? = 0
configure:6007: result: yes
configure:6007: checking for fcntl.h
configure:6007: result: yes
configure:6007: checking sys/ioctl.h usability
configure:6007: g++ -c -g -O2  conftest.cpp >&5
configure:6007: $? = 0
configure:6007: result: yes
configure:6007: checking sys/ioctl.h presence
configure:6007: g++ -E  conftest.cpp
configure:6007: $? = 0
configure:6007: result: yes
configure:6007: checking for sys/ioctl.h
configure:6007: result: yes
configure:6007: checking sys/time.h usability
configure:6007: g++ -c -g -O2  conftest.cpp >&5
configure:6007: $? = 0
configure:6007: result: yes
configure:6007: checking sys/time.h presence
configure:6007: g++ -E  conftest.cpp
configure:6007: $? = 0
configure:6007: result: yes
configure:6007: checking for sys/time.h
configure:6007: result: yes
configure:6007: checking for unistd.h
configure:6007: result: yes
configure:6007: checking for sys/io.h
configure:6007: result: yes
configure:6007: checking errno.h usability
configure:6007: g++ -c -g -O2  conftest.cpp >&5
configure:6007: $? = 0
configure:6007: result: yes
configure:6007: checking errno.h presence
configure:6007: g++ -E  conftest.cpp
configure:6007: $? = 0
configure:6007: result: yes
configure:6007: checking for errno.h
configure:6007: result: yes
configure:6020: checking limits.h usability
configure:6020: g++ -c -g -O2  conftest.cpp >&5
configure:6020: $? = 0
configure:6020: result: yes
configure:6020: checking limits.h presence
configure:6020: g++ -E  conftest.cpp
configure:6020: $? = 0
configure:6020: result: yes
configure:6020: checking for limits.h
configure:6020: result: yes
configure:6020: checking kvm.h usability
configure:6020: g++ -c -g -O2  conftest.cpp >&5
conftest.cpp:75:10: fatal error: kvm.h: No such file or directory
 #include <kvm.h>
          ^~~~~~~
compilation terminated.
configure:6020: $? = 1
configure: failed program was:
| /* confdefs.h */
| #define PACKAGE_NAME "SCEd"
| #define PACKAGE_TARNAME "sced"
| #define PACKAGE_VERSION "0.1.5"
| #define PACKAGE_STRING "SCEd 0.1.5"
| #define PACKAGE_BUGREPORT ""
| #define PACKAGE_URL ""
| #define PACKAGE "sced"
| #define VERSION "0.1.5"
| #define LINUX 1
| #define SYSTEM_HOST Linux
| #define HAVE_GETLOADAVG 1
| #define STDC_HEADERS 1
| #define HAVE_SYS_TYPES_H 1
| #define HAVE_SYS_STAT_H 1
| #define HAVE_STDLIB_H 1
| #define HAVE_STRING_H 1
| #define HAVE_MEMORY_H 1
| #define HAVE_STRINGS_H 1
| #define HAVE_INTTYPES_H 1
| #define HAVE_STDINT_H 1
| #define HAVE_UNISTD_H 1
| #define HAVE_SYS_PROCFS_H 1
| #define HAVE_UTMPX_H 1
| #define HAVE_SCHED_H 1
| #define HAVE_SYS_TYPES_H 1
| #define HAVE_SCHED_SETSCHEDULER 1
| #define HAVE_SCHED_SETSCHEDULER 1
| #define HAVE_IOPL 1
| #define HAVE_IOPERM 1
| #define HAVE_SYS_IO_H 1
| #define HAVE_DIRENT_H 1
| #define STDC_HEADERS 1
| #define HAVE_FCNTL_H 1
| #define HAVE_SYS_IOCTL_H 1
| #define HAVE_SYS_TIME_H 1
| #define HAVE_UNISTD_H 1
| #define HAVE_SYS_IO_H 1
| #define HAVE_ERRNO_H 1
| #define HAVE_LIMITS_H 1
| /* end confdefs.h.  */
| #include <stdio.h>
| #ifdef HAVE_SYS_TYPES_H
| # include <sys/types.h>
| #endif
| #ifdef HAVE_SYS_STAT_H
| # include <sys/stat.h>
| #endif
| #ifdef STDC_HEADERS
| # include <stdlib.h>
| # include <stddef.h>
| #else
| # ifdef HAVE_STDLIB_H
| #  include <stdlib.h>
| # endif
| #endif
| #ifdef HAVE_STRING_H
| # if !defined STDC_HEADERS && defined HAVE_MEMORY_H
| #  include <memory.h>
| # endif
| # include <string.h>
| #endif
| #ifdef HAVE_STRINGS_H
| # include <strings.h>
| #endif
| #ifdef HAVE_INTTYPES_H
| # include <inttypes.h>
| #endif
| #ifdef HAVE_STDINT_H
| # include <stdint.h>
| #endif
| #ifdef HAVE_UNISTD_H
| # include <unistd.h>
| #endif
| #include <kvm.h>
configure:6020: result: no
configure:6020: checking kvm.h presence
configure:6020: g++ -E  conftest.cpp
conftest.cpp:42:10: fatal error: kvm.h: No such file or directory
 #include <kvm.h>
          ^~~~~~~
compilation terminated.
configure:6020: $? = 1
configure: failed program was:
| /* confdefs.h */
| #define PACKAGE_NAME "SCEd"
| #define PACKAGE_TARNAME "sced"
| #define PACKAGE_VERSION "0.1.5"
| #define PACKAGE_STRING "SCEd 0.1.5"
| #define PACKAGE_BUGREPORT ""
| #define PACKAGE_URL ""
| #define PACKAGE "sced"
| #define VERSION "0.1.5"
| #define LINUX 1
| #define SYSTEM_HOST Linux
| #define HAVE_GETLOADAVG 1
| #define STDC_HEADERS 1
| #define HAVE_SYS_TYPES_H 1
| #define HAVE_SYS_STAT_H 1
| #define HAVE_STDLIB_H 1
| #define HAVE_STRING_H 1
| #define HAVE_MEMORY_H 1
| #define HAVE_STRINGS_H 1
| #define HAVE_INTTYPES_H 1
| #define HAVE_STDINT_H 1
| #define HAVE_UNISTD_H 1
| #define HAVE_SYS_PROCFS_H 1
| #define HAVE_UTMPX_H 1
| #define HAVE_SCHED_H 1
| #define HAVE_SYS_TYPES_H 1
| #define HAVE_SCHED_SETSCHEDULER 1
| #define HAVE_SCHED_SETSCHEDULER 1
| #define HAVE_IOPL 1
| #define HAVE_IOPERM 1
| #define HAVE_SYS_IO_H 1
| #define HAVE_DIRENT_H 1
| #define STDC_HEADERS 1
| #define HAVE_FCNTL_H 1
| #define HAVE_SYS_IOCTL_H 1
| #define HAVE_SYS_TIME_H 1
| #define HAVE_UNISTD_H 1
| #define HAVE_SYS_IO_H 1
| #define HAVE_ERRNO_H 1
| #define HAVE_LIMITS_H 1
| /* end confdefs.h.  */
| #include <kvm.h>
configure:6020: result: no
configure:6020: checking for kvm.h
configure:6020: result: no
configure:6020: checking sys/param.h usability
configure:6020: g++ -c -g -O2  conftest.cpp >&5
configure:6020: $? = 0
configure:6020: result: yes
configure:6020: checking sys/param.h presence
configure:6020: g++ -E  conftest.cpp
configure:6020: $? = 0
configure:6020: result: yes
configure:6020: checking for sys/param.h
configure:6020: result: yes
configure:6020: checking sys/dkstat.h usability
configure:6020: g++ -c -g -O2  conftest.cpp >&5
conftest.cpp:76:10: fatal error: sys/dkstat.h: No such file or directory
 #include <sys/dkstat.h>
          ^~~~~~~~~~~~~~
compilation terminated.
configure:6020: $? = 1
configure: failed program was:
| /* confdefs.h */
| #define PACKAGE_NAME "SCEd"
| #define PACKAGE_TARNAME "sced"
| #define PACKAGE_VERSION "0.1.5"
| #define PACKAGE_STRING "SCEd 0.1.5"
| #define PACKAGE_BUGREPORT ""
| #define PACKAGE_URL ""
| #define PACKAGE "sced"
| #define VERSION "0.1.5"
| #define LINUX 1
| #define SYSTEM_HOST Linux
| #define HAVE_GETLOADAVG 1
| #define STDC_HEADERS 1
| #define HAVE_SYS_TYPES_H 1
| #define HAVE_SYS_STAT_H 1
| #define HAVE_STDLIB_H 1
| #define HAVE_STRING_H 1
| #define HAVE_MEMORY_H 1
| #define HAVE_STRINGS_H 1
| #define HAVE_INTTYPES_H 1
| #define HAVE_STDINT_H 1
| #define HAVE_UNISTD_H 1
| #define HAVE_SYS_PROCFS_H 1
| #define HAVE_UTMPX_H 1
| #define HAVE_SCHED_H 1
| #define HAVE_SYS_TYPES_H 1
| #define HAVE_SCHED_SETSCHEDULER 1
| #define HAVE_SCHED_SETSCHEDULER 1
| #define HAVE_IOPL 1
| #define HAVE_IOPERM 1
| #define HAVE_SYS_IO_H 1
| #define HAVE_DIRENT_H 1
| #define STDC_HEADERS 1
| #define HAVE_FCNTL_H 1
| #define HAVE_SYS_IOCTL_H 1
| #define HAVE_SYS_TIME_H 1
| #define HAVE_UNISTD_H 1
| #define HAVE_SYS_IO_H 1
| #define HAVE_ERRNO_H 1
| #define HAVE_LIMITS_H 1
| #define HAVE_SYS_PARAM_H 1
| /* end confdefs.h.  */
| #include <stdio.h>
| #ifdef HAVE_SYS_TYPES_H
| # include <sys/types.h>
| #endif
| #ifdef HAVE_SYS_STAT_H
| # include <sys/stat.h>
| #endif
| #ifdef STDC_HEADERS
| # include <stdlib.h>
| # include <stddef.h>
| #else
| # ifdef HAVE_STDLIB_H
| #  include <stdlib.h>
| # endif
| #endif
| #ifdef HAVE_STRING_H
| # if !defined STDC_HEADERS && defined HAVE_MEMORY_H
| #  include <memory.h>
| # endif
| # include <string.h>
| #endif
| #ifdef HAVE_STRINGS_H
| # include <strings.h>
| #endif
| #ifdef HAVE_INTTYPES_H
| # include <inttypes.h>
| #endif
| #ifdef HAVE_STDINT_H
| # include <stdint.h>
| #endif
| #ifdef HAVE_UNISTD_H
| # include <unistd.h>
| #endif
| #include <sys/dkstat.h>
configure:6020: result: no
configure:6020: checking sys/dkstat.h presence
configure:6020: g++ -E  conftest.cpp
conftest.cpp:43:10: fatal error: sys/dkstat.h: No such file or directory
 #include <sys/dkstat.h>
          ^~~~~~~~~~~~~~
compilation terminated.
configure:6020: $? = 1
configure: failed program was:
| /* confdefs.h */
| #define PACKAGE_NAME "SCEd"
| #define PACKAGE_TARNAME "sced"
| #define PACKAGE_VERSION "0.1.5"
| #define PACKAGE_STRING "SCEd 0.1.5"
| #define PACKAGE_BUGREPORT ""
| #define PACKAGE_URL ""
| #define PACKAGE "sced"
| #define VERSION "0.1.5"
| #define LINUX 1
| #define SYSTEM_HOST Linux
| #define HAVE_GETLOADAVG 1
| #define STDC_HEADERS 1
| #define HAVE_SYS_TYPES_H 1
| #define HAVE_SYS_STAT_H 1
| #define HAVE_STDLIB_H 1
| #define HAVE_STRING_H 1
| #define HAVE_MEMORY_H 1
| #define HAVE_STRINGS_H 1
| #define HAVE_INTTYPES_H 1
| #define HAVE_STDINT_H 1
| #define HAVE_UNISTD_H 1
| #define HAVE_SYS_PROCFS_H 1
| #define HAVE_UTMPX_H 1
| #define HAVE_SCHED_H 1
| #define HAVE_SYS_TYPES_H 1
| #define HAVE_SCHED_SETSCHEDULER 1
| #define HAVE_SCHED_SETSCHEDULER 1
| #define HAVE_IOPL 1
| #define HAVE_IOPERM 1
| #define HAVE_SYS_IO_H 1
| #define HAVE_DIRENT_H 1
| #define STDC_HEADERS 1
| #define HAVE_FCNTL_H 1
| #define HAVE_SYS_IOCTL_H 1
| #define HAVE_SYS_TIME_H 1
| #define HAVE_UNISTD_H 1
| #define HAVE_SYS_IO_H 1
| #define HAVE_ERRNO_H 1
| #define HAVE_LIMITS_H 1
| #define HAVE_SYS_PARAM_H 1
| /* end confdefs.h.  */
| #include <sys/dkstat.h>
configure:6020: result: no
configure:6020: checking for sys/dkstat.h
configure:6020: result: no
configure:6033: checking for sys/sysctl.h
configure:6033: g++ -c -g -O2  conftest.cpp >&5
configure:6033: $? = 0
configure:6033: result: yes
configure:6050: checking for sys/pcpu.h
configure:6050: g++ -c -g -O2  conftest.cpp >&5
conftest.cpp:52:10: fatal error: sys/pcpu.h: No such file or directory
 #include <sys/pcpu.h>
          ^~~~~~~~~~~~
compilation terminated.
configure:6050: $? = 1
configure: failed program was:
| /* confdefs.h */
| #define PACKAGE_NAME "SCEd"
| #define PACKAGE_TARNAME "sced"
| #define PACKAGE_VERSION "0.1.5"
| #define PACKAGE_STRING "SCEd 0.1.5"
| #define PACKAGE_BUGREPORT ""
| #define PACKAGE_URL ""
| #define PACKAGE "sced"
| #define VERSION "0.1.5"
| #define LINUX 1
| #define SYSTEM_HOST Linux
| #define HAVE_GETLOADAVG 1
| #define STDC_HEADERS 1
| #define HAVE_SYS_TYPES_H 1
| #define HAVE_SYS_STAT_H 1
| #define HAVE_STDLIB_H 1
| #define HAVE_STRING_H 1
| #define HAVE_MEMORY_H 1
| #define HAVE_STRINGS_H 1
| #define HAVE_INTTYPES_H 1
| #define HAVE_STDINT_H 1
| #define HAVE_UNISTD_H 1
| #define HAVE_SYS_PROCFS_H 1
| #define HAVE_UTMPX_H 1
| #define HAVE_SCHED_H 1
| #define HAVE_SYS_TYPES_H 1
| #define HAVE_SCHED_SETSCHEDULER 1
| #define HAVE_SCHED_SETSCHEDULER 1
| #define HAVE_IOPL 1
| #define HAVE_IOPERM 1
| #define HAVE_SYS_IO_H 1
| #define HAVE_DIRENT_H 1
| #define STDC_HEADERS 1
| #define HAVE_FCNTL_H 1
| #define HAVE_SYS_IOCTL_H 1
| #define HAVE_SYS_TIME_H 1
| #define HAVE_UNISTD_H 1
| #define HAVE_SYS_IO_H 1
| #define HAVE_ERRNO_H 1
| #define HAVE_LIMITS_H 1
| #define HAVE_SYS_PARAM_H 1
| #define HAVE_SYS_SYSCTL_H 1
| /* end confdefs.h.  */
| #if HAVE_SYS_PARAM_H
| # include <sys/param.h>
| #endif
| #if HAVE_KVM_H
| # include <kvm.h>
| #endif
| 
| 
| #include <sys/pcpu.h>
configure:6050: result: no
configure:6071: checking for an ANSI C-conforming const
configure:6137: g++ -c -g -O2  conftest.cpp >&5
configure:6137: $? = 0
configure:6144: result: yes
configure:6152: checking for inline
configure:6168: g++ -c -g -O2  conftest.cpp >&5
configure:6168: $? = 0
configure:6176: result: inline
configure:6194: checking for size_t
configure:6194: g++ -c -g -O2  conftest.cpp >&5
configure:6194: $? = 0
configure:6194: g++ -c -g -O2  conftest.cpp >&5
conftest.cpp: In function 'int main()':
conftest.cpp:80:20: error: expected primary-expression before ')' token
 if (sizeof ((size_t)))
                    ^
configure:6194: $? = 1
configure: failed program was:
| /* confdefs.h */
| #define PACKAGE_NAME "SCEd"
| #define PACKAGE_TARNAME "sced"
| #define PACKAGE_VERSION "0.1.5"
| #define PACKAGE_STRING "SCEd 0.1.5"
| #define PACKAGE_BUGREPORT ""
| #define PACKAGE_URL ""
| #define PACKAGE "sced"
| #define VERSION "0.1.5"
| #define LINUX 1
| #define SYSTEM_HOST Linux
| #define HAVE_GETLOADAVG 1
| #define STDC_HEADERS 1
| #define HAVE_SYS_TYPES_H 1
| #define HAVE_SYS_STAT_H 1
| #define HAVE_STDLIB_H 1
| #define HAVE_STRING_H 1
| #define HAVE_MEMORY_H 1
| #define HAVE_STRINGS_H 1
| #define HAVE_INTTYPES_H 1
| #define HAVE_STDINT_H 1
| #define HAVE_UNISTD_H 1
| #define HAVE_SYS_PROCFS_H 1
| #define HAVE_UTMPX_H 1
| #define HAVE_SCHED_H 1
| #define HAVE_SYS_TYPES_H 1
| #define HAVE_SCHED_SETSCHEDULER 1
| #define HAVE_SCHED_SETSCHEDULER 1
| #define HAVE_IOPL 1
| #define HAVE_IOPERM 1
| #define HAVE_SYS_IO_H 1
| #define HAVE_DIRENT_H 1
| #define STDC_HEADERS 1
| #define HAVE_FCNTL_H 1
| #define HAVE_SYS_IOCTL_H 1
| #define HAVE_SYS_TIME_H 1
| #define HAVE_UNISTD_H 1
| #define HAVE_SYS_IO_H 1
| #define HAVE_ERRNO_H 1
| #define HAVE_LIMITS_H 1
| #define HAVE_SYS_PARAM_H 1
| #define HAVE_SYS_SYSCTL_H 1
| /* end confdefs.h.  */
| #include <stdio.h>
| #ifdef HAVE_SYS_TYPES_H
| # include <sys/types.h>
| #endif
| #ifdef HAVE_SYS_STAT_H
| # include <sys/stat.h>
| #endif
| #ifdef STDC_HEADERS
| # include <stdlib.h>
| # include <stddef.h>
| #else
| # ifdef HAVE_STDLIB_H
| #  include <stdlib.h>
| # endif
| #endif
| #ifdef HAVE_STRING_H
| # if !defined STDC_HEADERS && defined HAVE_MEMORY_H
| #  include <memory.h>
| # endif
| # include <string.h>
| #endif
| #ifdef HAVE_STRINGS_H
| # include <strings.h>
| #endif
| #ifdef HAVE_INTTYPES_H
| # include <inttypes.h>
| #endif
| #ifdef HAVE_STDINT_H
| # include <stdint.h>
| #endif
| #ifdef HAVE_UNISTD_H
| # include <unistd.h>
| #endif
| int
| main ()
| {
| if (sizeof ((size_t)))
| 	    return 0;
|   ;
|   return 0;
| }
configure:6194: result: yes
configure:6205: checking whether time.h and sys/time.h may both be included
configure:6225: g++ -c -g -O2  conftest.cpp >&5
configure:6225: $? = 0
configure:6232: result: yes
configure:6240: checking whether struct tm is in sys/time.h or time.h
configure:6260: g++ -c -g -O2  conftest.cpp >&5
configure:6260: $? = 0
configure:6267: result: time.h
configure:6275: checking for uid_t in sys/types.h
configure:6294: result: yes
configure:6307: checking whether gcc needs -traditional
configure:6341: result: no
configure:6348: checking return type of signal handlers
configure:6366: g++ -c -g -O2  conftest.cpp >&5
conftest.cpp: In function 'int main()':
conftest.cpp:51:25: error: void value not ignored as it ought to be
 return *(signal (0, 0)) (0) == 1;
         ~~~~~~~~~~~~~~~~^~~
configure:6366: $? = 1
configure: failed program was:
| /* confdefs.h */
| #define PACKAGE_NAME "SCEd"
| #define PACKAGE_TARNAME "sced"
| #define PACKAGE_VERSION "0.1.5"
| #define PACKAGE_STRING "SCEd 0.1.5"
| #define PACKAGE_BUGREPORT ""
| #define PACKAGE_URL ""
| #define PACKAGE "sced"
| #define VERSION "0.1.5"
| #define LINUX 1
| #define SYSTEM_HOST Linux
| #define HAVE_GETLOADAVG 1
| #define STDC_HEADERS 1
| #define HAVE_SYS_TYPES_H 1
| #define HAVE_SYS_STAT_H 1
| #define HAVE_STDLIB_H 1
| #define HAVE_STRING_H 1
| #define HAVE_MEMORY_H 1
| #define HAVE_STRINGS_H 1
| #define HAVE_INTTYPES_H 1
| #define HAVE_STDINT_H 1
| #define HAVE_UNISTD_H 1
| #define HAVE_SYS_PROCFS_H 1
| #define HAVE_UTMPX_H 1
| #define HAVE_SCHED_H 1
| #define HAVE_SYS_TYPES_H 1
| #define HAVE_SCHED_SETSCHEDULER 1
| #define HAVE_SCHED_SETSCHEDULER 1
| #define HAVE_IOPL 1
| #define HAVE_IOPERM 1
| #define HAVE_SYS_IO_H 1
| #define HAVE_DIRENT_H 1
| #define STDC_HEADERS 1
| #define HAVE_FCNTL_H 1
| #define HAVE_SYS_IOCTL_H 1
| #define HAVE_SYS_TIME_H 1
| #define HAVE_UNISTD_H 1
| #define HAVE_SYS_IO_H 1
| #define HAVE_ERRNO_H 1
| #define HAVE_LIMITS_H 1
| #define HAVE_SYS_PARAM_H 1
| #define HAVE_SYS_SYSCTL_H 1
| #define TIME_WITH_SYS_TIME 1
| /* end confdefs.h.  */
| #include <sys/types.h>
| #include <signal.h>
| 
| int
| main ()
| {
| return *(signal (0, 0)) (0) == 1;
|   ;
|   return 0;
| }
configure:6373: result: void
configure:6384: checking for select
configure:6384: g++ -o conftest -g -O2   conftest.cpp  >&5
configure:6384: $? = 0
configure:6384: result: yes
configure:6384: checking for socket
configure:6384: g++ -o conftest -g -O2   conftest.cpp  >&5
configure:6384: $? = 0
configure:6384: result: yes
configure:6384: checking for strdup
configure:6384: g++ -o conftest -g -O2   conftest.cpp  >&5
conftest.cpp:71:6: warning: declaration of 'char strdup()' conflicts with built-in declaration 'char* strdup(const char*)' [-Wbuiltin-declaration-mismatch]
 char strdup ();
      ^~~~~~
configure:6384: $? = 0
configure:6384: result: yes
configure:6384: checking for strerror
configure:6384: g++ -o conftest -g -O2   conftest.cpp  >&5
configure:6384: $? = 0
configure:6384: result: yes
configure:6384: checking for strtol
configure:6384: g++ -o conftest -g -O2   conftest.cpp  >&5
configure:6384: $? = 0
configure:6384: result: yes
configure:6384: checking for uname
configure:6384: g++ -o conftest -g -O2   conftest.cpp  >&5
configure:6384: $? = 0
configure:6384: result: yes
configure:6384: checking for cfmakeraw
configure:6384: g++ -o conftest -g -O2   conftest.cpp  >&5
configure:6384: $? = 0
configure:6384: result: yes
configure:6384: checking for snprintf
configure:6384: g++ -o conftest -g -O2   conftest.cpp  >&5
conftest.cpp:76:6: warning: declaration of 'char snprintf()' conflicts with built-in declaration 'int snprintf(char*, long unsigned int, const char*, ...)' [-Wbuiltin-declaration-mismatch]
 char snprintf ();
      ^~~~~~~~
configure:6384: $? = 0
configure:6384: result: yes
configure:6571: creating ./config.status

## ---------------- ##
## Cache variables. ##
## ---------------- ##

ac_cv_build=x86_64-unknown-linux-gnu
ac_cv_c_compiler_gnu=yes
ac_cv_c_const=yes
ac_cv_c_inline=inline
ac_cv_cxx_compiler_gnu=yes
ac_cv_env_CCC_set=
ac_cv_env_CCC_value=
ac_cv_env_CC_set=
ac_cv_env_CC_value=
ac_cv_env_CFLAGS_set=
ac_cv_env_CFLAGS_value=
ac_cv_env_CPPFLAGS_set=
ac_cv_env_CPPFLAGS_value=
ac_cv_env_CPP_set=
ac_cv_env_CPP_value=
ac_cv_env_CXXCPP_set=
ac_cv_env_CXXCPP_value=
ac_cv_env_CXXFLAGS_set=
ac_cv_env_CXXFLAGS_value=
ac_cv_env_CXX_set=
ac_cv_env_CXX_value=
ac_cv_env_LDFLAGS_set=
ac_cv_env_LDFLAGS_value=
ac_cv_env_LIBS_set=
ac_cv_env_LIBS_value=
ac_cv_env_build_alias_set=
ac_cv_env_build_alias_value=
ac_cv_env_host_alias_set=
ac_cv_env_host_alias_value=
ac_cv_env_target_alias_set=
ac_cv_env_target_alias_value=
ac_cv_func_cfmakeraw=yes
ac_cv_func_connect=yes
ac_cv_func_gethostbyname=yes
ac_cv_func_getloadavg=yes
ac_cv_func_inet_aton=yes
ac_cv_func_ioperm=yes
ac_cv_func_iopl=yes
ac_cv_func_sched_setscheduler=yes
ac_cv_func_select=yes
ac_cv_func_snprintf=yes
ac_cv_func_socket=yes
ac_cv_func_strdup=yes
ac_cv_func_strerror=yes
ac_cv_func_strtol=yes
ac_cv_func_swapctl=no
ac_cv_func_uname=yes
ac_cv_header_dirent_dirent_h=yes
ac_cv_header_errno_h=yes
ac_cv_header_fcntl_h=yes
ac_cv_header_inttypes_h=yes
ac_cv_header_kvm_h=no
ac_cv_header_limits_h=yes
ac_cv_header_machine_apm_bios_h=no
ac_cv_header_machine_cpufunc_h=no
ac_cv_header_machine_pio_h=no
ac_cv_header_machine_sysarch_h=no
ac_cv_header_memory_h=yes
ac_cv_header_procfs_h=no
ac_cv_header_sched_h=yes
ac_cv_header_stdc=yes
ac_cv_header_stdint_h=yes
ac_cv_header_stdlib_h=yes
ac_cv_header_string_h=yes
ac_cv_header_strings_h=yes
ac_cv_header_sys_cpuvar_h=no
ac_cv_header_sys_dkstat_h=no
ac_cv_header_sys_io_h=yes
ac_cv_header_sys_ioctl_h=yes
ac_cv_header_sys_loadavg_h=no
ac_cv_header_sys_param_h=yes
ac_cv_header_sys_pcpu_h=no
ac_cv_header_sys_procfs_h=yes
ac_cv_header_sys_stat_h=yes
ac_cv_header_sys_sysctl_h=yes
ac_cv_header_sys_time_h=yes
ac_cv_header_sys_types_h=yes
ac_cv_header_time=yes
ac_cv_header_unistd_h=yes
ac_cv_header_utmpx_h=yes
ac_cv_host=x86_64-unknown-linux-gnu
ac_cv_lib_c_i386_get_ioperm=no
ac_cv_lib_i386_i386_get_ioperm=no
ac_cv_lib_kstat_kstat_open=no
ac_cv_lib_kvm_kvm_open=no
ac_cv_lib_kvm_with_elf=no
ac_cv_lib_posix4_nanosleep=no
ac_cv_lib_posix4_sched_setscheduler=no
ac_cv_lib_rt_sched_setscheduler=yes
ac_cv_objext=o
ac_cv_path_EGREP='/usr/bin/grep -E'
ac_cv_path_GREP=/usr/bin/grep
ac_cv_path_XMLTO=no
ac_cv_path_install='/usr/bin/install -c'
ac_cv_path_mkdir=/usr/bin/mkdir
ac_cv_prog_AWK=gawk
ac_cv_prog_CPP='gcc -E'
ac_cv_prog_CXXCPP='g++ -E'
ac_cv_prog_ac_ct_CC=gcc
ac_cv_prog_ac_ct_CXX=g++
ac_cv_prog_ac_ct_RANLIB=ranlib
ac_cv_prog_cc_c89=
ac_cv_prog_cc_g=yes
ac_cv_prog_cc_gcc_c_o=yes
ac_cv_prog_cxx_g=yes
ac_cv_prog_gcc_traditional=no
ac_cv_prog_make_make_set=yes
ac_cv_search_opendir='none required'
ac_cv_struct_tm=time.h
ac_cv_type_signal=void
ac_cv_type_size_t=yes
ac_cv_type_uid_t=yes
am_cv_CC_dependencies_compiler_type=gcc3
am_cv_CXX_dependencies_compiler_type=gcc3

## ----------------- ##
## Output variables. ##
## ----------------- ##

ACLOCAL='${SHELL} /home/roberto/git/secoli-SCEd/missing --run aclocal-1.11'
AMDEPBACKSLASH='\'
AMDEP_FALSE='#'
AMDEP_TRUE=''
AMTAR='$${TAR-tar}'
AUTOCONF='${SHELL} /home/roberto/git/secoli-SCEd/missing --run autoconf'
AUTOHEADER='${SHELL} /home/roberto/git/secoli-SCEd/missing --run autoheader'
AUTOMAKE='${SHELL} /home/roberto/git/secoli-SCEd/missing --run automake-1.11'
AWK='gawk'
CC='gcc'
CCDEPMODE='depmode=gcc3'
CFLAGS='-I/usr/include/glib-2.0 -I/usr/lib64/glib-2.0/include -I/usr/lib/i386-linux-gnu/glib-2.0/include -I/usr/include/lua5.3 -Wall  -O3 -ggdb'
CPP='gcc -E'
CPPFLAGS=''
CXX='g++'
CXXCPP='g++ -E'
CXXDEPMODE='depmode=gcc3'
CXXFLAGS='-g -O2'
CYGPATH_W='echo'
DARWIN_FALSE=''
DARWIN_TRUE='#'
DEFS='-DHAVE_CONFIG_H'
DEPDIR='.deps'
ECHO_C=''
ECHO_N='-n'
ECHO_T=''
EGREP='/usr/bin/grep -E'
EXEEXT=''
GREP='/usr/bin/grep'
INSTALL_DATA='${INSTALL} -m 644'
INSTALL_PROGRAM='${INSTALL}'
INSTALL_SCRIPT='${INSTALL}'
INSTALL_STRIP_PROGRAM='$(install_sh) -c -s'
LDFLAGS=''
LIBOBJS=''
LIBS='-luuid -lsqlite3 -lglib-2.0 -ljansson -llua5.3.4 -lconfig -lvrb -llog4c -ldb -levent '
LTLIBOBJS=''
MAKEINFO='${SHELL} /home/roberto/git/secoli-SCEd/missing --run makeinfo'
MKDIR_P='/usr/bin/mkdir -p'
OBJEXT='o'
PACKAGE='sced'
PACKAGE_BUGREPORT=''
PACKAGE_NAME='SCEd'
PACKAGE_STRING='SCEd 0.1.5'
PACKAGE_TARNAME='sced'
PACKAGE_URL=''
PACKAGE_VERSION='0.1.5'
PATH_SEPARATOR=':'
RANLIB='ranlib'
SET_MAKE=''
SHELL='/bin/sh'
STRIP=''
VERSION='0.1.5'
XMLTO='no'
ac_ct_CC='gcc'
ac_ct_CXX='g++'
am__EXEEXT_FALSE=''
am__EXEEXT_TRUE='#'
am__fastdepCC_FALSE='#'
am__fastdepCC_TRUE=''
am__fastdepCXX_FALSE='#'
am__fastdepCXX_TRUE=''
am__include='include'
am__isrc=''
am__leading_dot='.'
am__nodep='_no'
am__quote=''
am__tar='$${TAR-tar} chof - "$$tardir"'
am__untar='$${TAR-tar} xf -'
bindir='${exec_prefix}/bin'
build='x86_64-unknown-linux-gnu'
build_alias=''
build_cpu='x86_64'
build_os='linux-gnu'
build_vendor='unknown'
datadir='${datarootdir}'
datarootdir='${prefix}/share'
docdir='${datarootdir}/doc/${PACKAGE_TARNAME}'
dvidir='${docdir}'
exec_prefix='${prefix}'
host='x86_64-unknown-linux-gnu'
host_alias=''
host_cpu='x86_64'
host_os='linux-gnu'
host_vendor='unknown'
htmldir='${docdir}'
includedir='${prefix}/include'
infodir='${datarootdir}/info'
install_sh='${SHELL} /home/roberto/git/secoli-SCEd/install-sh'
libdir='${exec_prefix}/lib'
libexecdir='${exec_prefix}/libexec'
localedir='${datarootdir}/locale'
localstatedir='${prefix}/var'
mandir='${datarootdir}/man'
mkdir_p='/usr/bin/mkdir -p'
oldincludedir='/usr/include'
pdfdir='${docdir}'
pidfiledir='/var/run'
prefix='/usr/local'
program_transform_name='s,x,x,'
psdir='${docdir}'
sbindir='${exec_prefix}/sbin'
sharedstatedir='${prefix}/com'
sysconfdir='${prefix}/etc'
target_alias=''

## ----------- ##
## confdefs.h. ##
## ----------- ##

/* confdefs.h */
#define PACKAGE_NAME "SCEd"
#define PACKAGE_TARNAME "sced"
#define PACKAGE_VERSION "0.1.5"
#define PACKAGE_STRING "SCEd 0.1.5"
#define PACKAGE_BUGREPORT ""
#define PACKAGE_URL ""
#define PACKAGE "sced"
#define VERSION "0.1.5"
#define LINUX 1
#define SYSTEM_HOST Linux
#define HAVE_GETLOADAVG 1
#define STDC_HEADERS 1
#define HAVE_SYS_TYPES_H 1
#define HAVE_SYS_STAT_H 1
#define HAVE_STDLIB_H 1
#define HAVE_STRING_H 1
#define HAVE_MEMORY_H 1
#define HAVE_STRINGS_H 1
#define HAVE_INTTYPES_H 1
#define HAVE_STDINT_H 1
#define HAVE_UNISTD_H 1
#define HAVE_SYS_PROCFS_H 1
#define HAVE_UTMPX_H 1
#define HAVE_SCHED_H 1
#define HAVE_SYS_TYPES_H 1
#define HAVE_SCHED_SETSCHEDULER 1
#define HAVE_SCHED_SETSCHEDULER 1
#define HAVE_IOPL 1
#define HAVE_IOPERM 1
#define HAVE_SYS_IO_H 1
#define HAVE_DIRENT_H 1
#define STDC_HEADERS 1
#define HAVE_FCNTL_H 1
#define HAVE_SYS_IOCTL_H 1
#define HAVE_SYS_TIME_H 1
#define HAVE_UNISTD_H 1
#define HAVE_SYS_IO_H 1
#define HAVE_ERRNO_H 1
#define HAVE_LIMITS_H 1
#define HAVE_SYS_PARAM_H 1
#define HAVE_SYS_SYSCTL_H 1
#define TIME_WITH_SYS_TIME 1
#define RETSIGTYPE void
#define HAVE_SELECT 1
#define HAVE_SOCKET 1
#define HAVE_STRDUP 1
#define HAVE_STRERROR 1
#define HAVE_STRTOL 1
#define HAVE_UNAME 1
#define HAVE_CFMAKERAW 1
#define HAVE_SNPRINTF 1

configure: exit 0

## ---------------------- ##
## Running config.status. ##
## ---------------------- ##

This file was extended by SCEd config.status 0.1.5, which was
generated by GNU Autoconf 2.69.  Invocation command line was

  CONFIG_FILES    = 
  CONFIG_HEADERS  = 
  CONFIG_LINKS    = 
  CONFIG_COMMANDS = 
  $ ./config.status 

on localhost.localdomain

config.status:904: creating Makefile
config.status:904: creating src/Makefile
config.status:904: creating scripts/Makefile
config.status:904: creating scripts/init-SCEd.LSB
config.status:904: creating config.h
config.status:1085: config.h is unchanged
config.status:1133: executing depfiles commands

## ---------------------- ##
## Running config.status. ##
## ---------------------- ##

This file was extended by SCEd config.status 0.1.5, which was
generated by GNU Autoconf 2.69.  Invocation command line was

  CONFIG_FILES    = 
  CONFIG_HEADERS  = 
  CONFIG_LINKS    = 
  CONFIG_COMMANDS = 
  $ ./config.status config.h

on localhost.localdomain

config.status:904: creating config.h
config.status:1085: config.h is unchanged
